[152032:152032:0510/133249.792254:WARNING:chrome_main_delegate.cc(750)] This is Chrome version 124.0.6367.118 (not a warning)
[152032:152032:0510/133249.824024:INFO:config_dir_policy_loader.cc(118)] Skipping mandatory platform policies because no policy file was found at: /etc/opt/chrome/policies/managed
[152032:152032:0510/133249.824051:INFO:config_dir_policy_loader.cc(118)] Skipping recommended platform policies because no policy file was found at: /etc/opt/chrome/policies/recommended
[152032:152032:0510/133249.931089:INFO:chrome_browser_cloud_management_controller.cc(168)] Starting CBCM Controller Initialization
[152032:152032:0510/133249.931134:INFO:chrome_browser_cloud_management_controller.cc(196)] No machine level policy manager exists.
[152032:152032:0510/133250.047334:WARNING:browser_management_service.cc(128)] EnterpriseLogoUrl fetch failed with error code -1 and MIME type 
[152100:1:0510/133250.093071:WARNING:runtime_features.cc(730)] AttributionReportingCrossAppWeb cannot be enabled in this configuration. Use --enable-features=ConversionMeasurement,AttributionReportingCrossAppWeb in addition.
[152101:1:0510/133250.095084:WARNING:runtime_features.cc(730)] AttributionReportingCrossAppWeb cannot be enabled in this configuration. Use --enable-features=ConversionMeasurement,AttributionReportingCrossAppWeb in addition.
[152067:152067:0510/133250.105395:WARNING:sandbox_linux.cc(420)] InitializeSandbox() called with multiple threads in process gpu-process.
[152032:152032:0510/133250.144160:WARNING:bluez_dbus_manager.cc(248)] Floss manager not present, cannot set Floss enable/disable.
[152032:152032:0510/133250.393497:ERROR:object_proxy.cc(576)] Failed to call method: org.freedesktop.ScreenSaver.GetActive: object_path= /org/freedesktop/ScreenSaver: org.freedesktop.DBus.Error.NotSupported: This method is not implemented
[152032:152032:0510/133250.452531:INFO:CONSOLE(0)] "Slow network is detected. See https://www.chromestatus.com/feature/5636954674692096 for more details. Fallback font will be used while loading: chrome://resources/roboto/roboto-regular.woff2", source: chrome://new-tab-page/ (0)
[152136:1:0510/133250.535737:WARNING:runtime_features.cc(730)] AttributionReportingCrossAppWeb cannot be enabled in this configuration. Use --enable-features=ConversionMeasurement,AttributionReportingCrossAppWeb in addition.
[152145:1:0510/133250.588711:WARNING:runtime_features.cc(730)] AttributionReportingCrossAppWeb cannot be enabled in this configuration. Use --enable-features=ConversionMeasurement,AttributionReportingCrossAppWeb in addition.
[152032:152032:0510/133250.865044:INFO:CONSOLE(0)] "Slow network is detected. See https://www.chromestatus.com/feature/5636954674692096 for more details. Fallback font will be used while loading: chrome://resources/roboto/roboto-medium.woff2", source: chrome://new-tab-page/ (0)
[152032:152032:0510/133251.246415:INFO:CONSOLE(0)] "Error with Permissions-Policy header: Origin trial controlled feature not enabled: 'attribution-reporting'.", source:  (0)
[152032:152032:0510/133251.246557:INFO:CONSOLE(0)] "Error with Permissions-Policy header: Unrecognized feature: 'bluetooth'.", source:  (0)
[152032:152032:0510/133251.246642:INFO:CONSOLE(0)] "Error with Permissions-Policy header: Origin trial controlled feature not enabled: 'interest-cohort'.", source:  (0)
[152032:152032:0510/133251.246715:INFO:CONSOLE(0)] "Error with Permissions-Policy header: Origin trial controlled feature not enabled: 'shared-storage'.", source:  (0)
[152032:152032:0510/133251.246794:INFO:CONSOLE(0)] "Error with Permissions-Policy header: Origin trial controlled feature not enabled: 'shared-storage-select-url'.", source:  (0)
[152032:152032:0510/133254.454392:INFO:CONSOLE(240)] "
%cStop! font-family:helvetica; font-size:20px; font-size:50px; font-weight:bold; color:red; -webkit-text-stroke:1px black;", source: https://static.cdninstagram.com/rsrc.php/v3/y9/r/V2JKEXuv7ua.js?_nc_x=Ij3Wp8lg5Kz (240)
[152032:152032:0510/133254.454554:INFO:CONSOLE(240)] "
%cThis is a browser feature intended for developers. If someone told you to copy-paste something here to enable an Instagram feature or "hack" someone's account, it is a scam and will give them access to your Instagram account. font-family:helvetica; font-size:20px; ", source: https://static.cdninstagram.com/rsrc.php/v3/y9/r/V2JKEXuv7ua.js?_nc_x=Ij3Wp8lg5Kz (240)
[152032:152032:0510/133254.454643:INFO:CONSOLE(240)] "
%cSee https://www.facebook.com/selfxss for more information. font-family:helvetica; font-size:20px; ", source: https://static.cdninstagram.com/rsrc.php/v3/y9/r/V2JKEXuv7ua.js?_nc_x=Ij3Wp8lg5Kz (240)
[152032:152032:0510/133254.454694:INFO:CONSOLE(240)] "
%c ", source: https://static.cdninstagram.com/rsrc.php/v3/y9/r/V2JKEXuv7ua.js?_nc_x=Ij3Wp8lg5Kz (240)
[152265:1:0510/133257.843546:WARNING:runtime_features.cc(730)] AttributionReportingCrossAppWeb cannot be enabled in this configuration. Use --enable-features=ConversionMeasurement,AttributionReportingCrossAppWeb in addition.
[152032:152032:0510/133258.254048:INFO:CONSOLE(0)] "Error with Permissions-Policy header: Origin trial controlled feature not enabled: 'attribution-reporting'.", source:  (0)
[152032:152032:0510/133258.254127:INFO:CONSOLE(0)] "Error with Permissions-Policy header: Unrecognized feature: 'bluetooth'.", source:  (0)
[152032:152032:0510/133258.254180:INFO:CONSOLE(0)] "Error with Permissions-Policy header: Origin trial controlled feature not enabled: 'interest-cohort'.", source:  (0)
[152032:152032:0510/133258.254212:INFO:CONSOLE(0)] "Error with Permissions-Policy header: Origin trial controlled feature not enabled: 'shared-storage'.", source:  (0)
[152032:152032:0510/133258.254255:INFO:CONSOLE(0)] "Error with Permissions-Policy header: Origin trial controlled feature not enabled: 'shared-storage-select-url'.", source:  (0)
[152032:152032:0510/133259.679735:INFO:CONSOLE(0)] "Third-party cookie will be blocked. Learn more in the Issues tab.", source: https://www.instagram.com/ (0)
[152032:152032:0510/133306.999513:INFO:CONSOLE(0)] "Error with Permissions-Policy header: Origin trial controlled feature not enabled: 'attribution-reporting'.", source:  (0)
[152032:152032:0510/133306.999650:INFO:CONSOLE(0)] "Error with Permissions-Policy header: Unrecognized feature: 'bluetooth'.", source:  (0)
[152032:152032:0510/133306.999731:INFO:CONSOLE(0)] "Error with Permissions-Policy header: Origin trial controlled feature not enabled: 'interest-cohort'.", source:  (0)
[152032:152032:0510/133306.999804:INFO:CONSOLE(0)] "Error with Permissions-Policy header: Origin trial controlled feature not enabled: 'shared-storage'.", source:  (0)
[152032:152032:0510/133306.999888:INFO:CONSOLE(0)] "Error with Permissions-Policy header: Origin trial controlled feature not enabled: 'shared-storage-select-url'.", source:  (0)
[152032:152032:0510/133309.129259:INFO:CONSOLE(240)] "
%cStop! font-family:helvetica; font-size:20px; font-size:50px; font-weight:bold; color:red; -webkit-text-stroke:1px black;", source: https://static.cdninstagram.com/rsrc.php/v3/y9/r/V2JKEXuv7ua.js?_nc_x=Ij3Wp8lg5Kz (240)
[152032:152032:0510/133309.129329:INFO:CONSOLE(240)] "
%cThis is a browser feature intended for developers. If someone told you to copy-paste something here to enable an Instagram feature or "hack" someone's account, it is a scam and will give them access to your Instagram account. font-family:helvetica; font-size:20px; ", source: https://static.cdninstagram.com/rsrc.php/v3/y9/r/V2JKEXuv7ua.js?_nc_x=Ij3Wp8lg5Kz (240)
[152032:152032:0510/133309.129375:INFO:CONSOLE(240)] "
%cSee https://www.facebook.com/selfxss for more information. font-family:helvetica; font-size:20px; ", source: https://static.cdninstagram.com/rsrc.php/v3/y9/r/V2JKEXuv7ua.js?_nc_x=Ij3Wp8lg5Kz (240)
[152032:152032:0510/133309.129410:INFO:CONSOLE(240)] "
%c ", source: https://static.cdninstagram.com/rsrc.php/v3/y9/r/V2JKEXuv7ua.js?_nc_x=Ij3Wp8lg5Kz (240)
[152070:152081:0510/133316.309710:WARNING:sqlite_persistent_store_backend_base.cc(198)] Failed to post task from FlushAndNotifyInBackground@net/extras/sqlite/sqlite_persistent_store_backend_base.cc:247 to client_task_runner_.
[152070:152081:0510/133316.309823:WARNING:sqlite_persistent_store_backend_base.cc(198)] Failed to post task from FlushAndNotifyInBackground@net/extras/sqlite/sqlite_persistent_store_backend_base.cc:247 to client_task_runner_.
[152032:152032:0510/133316.330384:WARNING:pref_notifier_impl.cc(41)] Pref observer for media_router.cast_allow_all_ips found at shutdown.
